e:\documents\mycode\pingpong\bin\vc140.pdb
e:\documents\mycode\pingpong\bin\vc140.idb
e:\documents\mycode\pingpong\bin\application.obj
e:\documents\mycode\pingpong\bin\button.obj
e:\documents\mycode\pingpong\bin\eventmanager.obj
e:\documents\mycode\pingpong\bin\gameobject.obj
e:\documents\mycode\pingpong\bin\image.obj
e:\documents\mycode\pingpong\bin\renderer.obj
e:\documents\mycode\pingpong\bin\scene.obj
e:\documents\mycode\pingpong\bin\scenemanager.obj
e:\documents\mycode\pingpong\bin\sprite.obj
e:\documents\mycode\pingpong\bin\test.obj
e:\documents\mycode\pingpong\bin\text.obj
e:\documents\mycode\pingpong\bin\ball.obj
e:\documents\mycode\pingpong\bin\enemy.obj
e:\documents\mycode\pingpong\bin\gameoverscene.obj
e:\documents\mycode\pingpong\bin\gameplayscene.obj
e:\documents\mycode\pingpong\bin\menuscene.obj
e:\documents\mycode\pingpong\bin\pausescene.obj
e:\documents\mycode\pingpong\bin\player.obj
e:\documents\mycode\pingpong\bin\resource.obj
e:\documents\mycode\pingpong\bin\animation.obj
e:\documents\mycode\pingpong\bin\game.tlog\cl.command.1.tlog
e:\documents\mycode\pingpong\bin\game.tlog\cl.read.1.tlog
e:\documents\mycode\pingpong\bin\game.tlog\cl.write.1.tlog
