e:\downloads\box2d-master\box2d-master\box2d\build\vs2015\obj\debug\glfw\glfw.pdb
e:\downloads\box2d-master\box2d-master\box2d\build\vs2015\obj\debug\glfw\glfw.idb
e:\downloads\box2d-master\box2d-master\box2d\build\vs2015\obj\debug\glfw\context.obj
e:\downloads\box2d-master\box2d-master\box2d\build\vs2015\obj\debug\glfw\egl_context.obj
e:\downloads\box2d-master\box2d-master\box2d\build\vs2015\obj\debug\glfw\init.obj
e:\downloads\box2d-master\box2d-master\box2d\build\vs2015\obj\debug\glfw\input.obj
e:\downloads\box2d-master\box2d-master\box2d\build\vs2015\obj\debug\glfw\monitor.obj
e:\downloads\box2d-master\box2d-master\box2d\build\vs2015\obj\debug\glfw\vulkan.obj
e:\downloads\box2d-master\box2d-master\box2d\build\vs2015\obj\debug\glfw\wgl_context.obj
e:\downloads\box2d-master\box2d-master\box2d\build\vs2015\obj\debug\glfw\win32_init.obj
e:\downloads\box2d-master\box2d-master\box2d\build\vs2015\obj\debug\glfw\win32_joystick.obj
e:\downloads\box2d-master\box2d-master\box2d\build\vs2015\obj\debug\glfw\win32_monitor.obj
e:\downloads\box2d-master\box2d-master\box2d\build\vs2015\obj\debug\glfw\win32_time.obj
e:\downloads\box2d-master\box2d-master\box2d\build\vs2015\obj\debug\glfw\win32_tls.obj
e:\downloads\box2d-master\box2d-master\box2d\build\vs2015\obj\debug\glfw\win32_window.obj
e:\downloads\box2d-master\box2d-master\box2d\build\vs2015\obj\debug\glfw\window.obj
e:\downloads\box2d-master\box2d-master\box2d\build\vs2015\bin\debug\glfw.lib
e:\downloads\box2d-master\box2d-master\box2d\build\vs2015\obj\debug\glfw\glfw.tlog\cl.command.1.tlog
e:\downloads\box2d-master\box2d-master\box2d\build\vs2015\obj\debug\glfw\glfw.tlog\cl.read.1.tlog
e:\downloads\box2d-master\box2d-master\box2d\build\vs2015\obj\debug\glfw\glfw.tlog\cl.write.1.tlog
e:\downloads\box2d-master\box2d-master\box2d\build\vs2015\obj\debug\glfw\glfw.tlog\lib-link.read.1.tlog
e:\downloads\box2d-master\box2d-master\box2d\build\vs2015\obj\debug\glfw\glfw.tlog\lib-link.write.1.tlog
e:\downloads\box2d-master\box2d-master\box2d\build\vs2015\obj\debug\glfw\glfw.tlog\lib.command.1.tlog
